<?xml version="1.0" encoding="UTF-8"?>
<testng-results skipped="0" failed="0" total="1" passed="1">
  <reporter-output>
  </reporter-output>
  <suite name="Default suite" duration-ms="2950" started-at="2016-04-25T14:04:33Z" finished-at="2016-04-25T14:04:36Z">
    <groups>
    </groups>
    <test name="Default test" duration-ms="2950" started-at="2016-04-25T14:04:33Z" finished-at="2016-04-25T14:04:36Z">
      <class name="com.dataart.selenium.tests.RegistrationTest">
        <test-method status="PASS" signature="beforeSuite()[pri:0, instance:com.dataart.selenium.tests.RegistrationTest@6f7fd0e6]" name="beforeSuite" is-config="true" duration-ms="4414" started-at="2016-04-25T17:04:29Z" finished-at="2016-04-25T17:04:33Z">
          <reporter-output>
          </reporter-output>
        </test-method> <!-- beforeSuite -->
        <test-method status="PASS" signature="openLoginPage()[pri:0, instance:com.dataart.selenium.tests.RegistrationTest@6f7fd0e6]" name="openLoginPage" is-config="true" duration-ms="267" started-at="2016-04-25T17:04:33Z" finished-at="2016-04-25T17:04:33Z">
          <reporter-output>
          </reporter-output>
        </test-method> <!-- openLoginPage -->
        <test-method status="PASS" signature="correctLoginTest()[pri:0, instance:com.dataart.selenium.tests.RegistrationTest@6f7fd0e6]" name="correctLoginTest" duration-ms="2669" started-at="2016-04-25T17:04:33Z" finished-at="2016-04-25T17:04:36Z">
          <reporter-output>
          </reporter-output>
        </test-method> <!-- correctLoginTest -->
        <test-method status="PASS" signature="afterClass()[pri:0, instance:com.dataart.selenium.tests.RegistrationTest@6f7fd0e6]" name="afterClass" is-config="true" duration-ms="25" started-at="2016-04-25T17:04:36Z" finished-at="2016-04-25T17:04:36Z">
          <reporter-output>
          </reporter-output>
        </test-method> <!-- afterClass -->
      </class> <!-- com.dataart.selenium.tests.RegistrationTest -->
    </test> <!-- Default test -->
  </suite> <!-- Default suite -->
</testng-results>
