<?xml version="1.0" encoding="UTF-8"?>
<testng-results skipped="0" failed="0" total="1" passed="1">
  <reporter-output>
  </reporter-output>
  <suite name="Default suite" duration-ms="2118" started-at="2016-05-03T13:29:13Z" finished-at="2016-05-03T13:29:15Z">
    <groups>
    </groups>
    <test name="Default test" duration-ms="2118" started-at="2016-05-03T13:29:13Z" finished-at="2016-05-03T13:29:15Z">
      <class name="com.dataart.selenium.tests.JSTest">
        <test-method status="PASS" signature="beforeSuite()[pri:0, instance:com.dataart.selenium.tests.JSTest@1dfb72a]" name="beforeSuite" is-config="true" duration-ms="5861" started-at="2016-05-03T16:29:07Z" finished-at="2016-05-03T16:29:13Z">
          <reporter-output>
          </reporter-output>
        </test-method> <!-- beforeSuite -->
        <test-method status="PASS" signature="openAjaxPage()[pri:0, instance:com.dataart.selenium.tests.JSTest@1dfb72a]" name="openAjaxPage" is-config="true" duration-ms="900" started-at="2016-05-03T16:29:13Z" finished-at="2016-05-03T16:29:14Z">
          <reporter-output>
          </reporter-output>
        </test-method> <!-- openAjaxPage -->
        <test-method status="PASS" signature="WhooHooooCorrect()[pri:0, instance:com.dataart.selenium.tests.JSTest@1dfb72a]" name="WhooHooooCorrect" duration-ms="1203" started-at="2016-05-03T16:29:14Z" finished-at="2016-05-03T16:29:15Z">
          <reporter-output>
          </reporter-output>
        </test-method> <!-- WhooHooooCorrect -->
        <test-method status="PASS" signature="afterClass()[pri:0, instance:com.dataart.selenium.tests.JSTest@1dfb72a]" name="afterClass" is-config="true" duration-ms="134" started-at="2016-05-03T16:29:15Z" finished-at="2016-05-03T16:29:16Z">
          <reporter-output>
          </reporter-output>
        </test-method> <!-- afterClass -->
      </class> <!-- com.dataart.selenium.tests.JSTest -->
    </test> <!-- Default test -->
  </suite> <!-- Default suite -->
</testng-results>
